<?xml version="1.0" encoding="UTF-8"?>
<!-- Generated by org.testng.reporters.JUnitReportReporter -->
<testsuite hostname="LAPTOP-P92KHMHN" failures="0" tests="1" name="test.SignUpTC_001" time="18.294" errors="0" timestamp="2024-08-26T13:50:37 IST" skipped="0">
  <testcase classname="test.SignUpTC_001" name="signUP" time="18.294"/>
</testsuite> <!-- test.SignUpTC_001 -->
