<?xml version="1.0" encoding="UTF-8"?>
<!-- Generated by org.testng.reporters.JUnitReportReporter -->
<testsuite hostname="LAPTOP-P92KHMHN" failures="0" tests="1" name="test.OneWayTC_001" time="34.686" errors="0" timestamp="2024-08-26T13:50:37 IST" skipped="0">
  <testcase classname="test.OneWayTC_001" name="OneWay" time="34.686"/>
</testsuite> <!-- test.OneWayTC_001 -->
